1586438642.051030 client started (28718): version 2.6, socket /tmp/tmux-1000/default, protocol 8
1586438642.051172 on Linux 4.15.0-91-generic #92-Ubuntu SMP Fri Feb 28 11:09:48 UTC 2020; libevent 2.1.8-stable (poll)
1586438642.051260 socket is /tmp/tmux-1000/default
1586438642.051332 trying connect
1586438642.051620 add peer 0x55760e1f19d0: 6 ((nil))
1586438642.051886 sending message 100 to peer 0x55760e1f19d0 (4 bytes)
1586438642.051939 sending message 101 to peer 0x55760e1f19d0 (15 bytes)
1586438642.051955 sending message 102 to peer 0x55760e1f19d0 (11 bytes)
1586438642.051967 sending message 108 to peer 0x55760e1f19d0 (52 bytes)
1586438642.051984 sending message 104 to peer 0x55760e1f19d0 (0 bytes)
1586438642.052001 sending message 107 to peer 0x55760e1f19d0 (4 bytes)
1586438642.052012 sending message 105 to peer 0x55760e1f19d0 (38 bytes)
1586438642.052047 sending message 105 to peer 0x55760e1f19d0 (22 bytes)
1586438642.052069 sending message 105 to peer 0x55760e1f19d0 (20 bytes)
1586438642.052075 sending message 105 to peer 0x55760e1f19d0 (54 bytes)
1586438642.052079 sending message 105 to peer 0x55760e1f19d0 (23 bytes)
1586438642.052084 sending message 105 to peer 0x55760e1f19d0 (11 bytes)
1586438642.052092 sending message 105 to peer 0x55760e1f19d0 (18 bytes)
1586438642.052103 sending message 105 to peer 0x55760e1f19d0 (82 bytes)
1586438642.052118 sending message 105 to peer 0x55760e1f19d0 (35 bytes)
1586438642.052142 sending message 105 to peer 0x55760e1f19d0 (24 bytes)
1586438642.052167 sending message 105 to peer 0x55760e1f19d0 (33 bytes)
1586438642.052186 sending message 105 to peer 0x55760e1f19d0 (44 bytes)
1586438642.052209 sending message 105 to peer 0x55760e1f19d0 (32 bytes)
1586438642.052230 sending message 105 to peer 0x55760e1f19d0 (52 bytes)
1586438642.052253 sending message 105 to peer 0x55760e1f19d0 (19 bytes)
1586438642.052271 sending message 105 to peer 0x55760e1f19d0 (28 bytes)
1586438642.052285 sending message 105 to peer 0x55760e1f19d0 (21 bytes)
1586438642.052312 sending message 105 to peer 0x55760e1f19d0 (18 bytes)
1586438642.052321 sending message 105 to peer 0x55760e1f19d0 (17 bytes)
1586438642.052326 sending message 105 to peer 0x55760e1f19d0 (23 bytes)
1586438642.052330 sending message 105 to peer 0x55760e1f19d0 (30 bytes)
1586438642.052336 sending message 105 to peer 0x55760e1f19d0 (27 bytes)
1586438642.052340 sending message 105 to peer 0x55760e1f19d0 (24 bytes)
1586438642.052345 sending message 105 to peer 0x55760e1f19d0 (20 bytes)
1586438642.052350 sending message 105 to peer 0x55760e1f19d0 (23 bytes)
1586438642.052354 sending message 105 to peer 0x55760e1f19d0 (21 bytes)
1586438642.052358 sending message 105 to peer 0x55760e1f19d0 (25 bytes)
1586438642.052363 sending message 105 to peer 0x55760e1f19d0 (20 bytes)
1586438642.052367 sending message 105 to peer 0x55760e1f19d0 (8 bytes)
1586438642.052372 sending message 105 to peer 0x55760e1f19d0 (18 bytes)
1586438642.052377 sending message 105 to peer 0x55760e1f19d0 (32 bytes)
1586438642.052382 sending message 105 to peer 0x55760e1f19d0 (1516 bytes)
1586438642.052407 sending message 105 to peer 0x55760e1f19d0 (59 bytes)
1586438642.052413 sending message 105 to peer 0x55760e1f19d0 (11 bytes)
1586438642.052418 sending message 105 to peer 0x55760e1f19d0 (186 bytes)
1586438642.052423 sending message 105 to peer 0x55760e1f19d0 (56 bytes)
1586438642.052427 sending message 105 to peer 0x55760e1f19d0 (18 bytes)
1586438642.052431 sending message 105 to peer 0x55760e1f19d0 (19 bytes)
1586438642.052436 sending message 105 to peer 0x55760e1f19d0 (18 bytes)
1586438642.052440 sending message 105 to peer 0x55760e1f19d0 (106 bytes)
1586438642.052445 sending message 105 to peer 0x55760e1f19d0 (15 bytes)
1586438642.052449 sending message 105 to peer 0x55760e1f19d0 (8 bytes)
1586438642.052454 sending message 105 to peer 0x55760e1f19d0 (19 bytes)
1586438642.052459 sending message 105 to peer 0x55760e1f19d0 (41 bytes)
1586438642.052464 sending message 105 to peer 0x55760e1f19d0 (14 bytes)
1586438642.052469 sending message 105 to peer 0x55760e1f19d0 (20 bytes)
1586438642.052473 sending message 105 to peer 0x55760e1f19d0 (21 bytes)
1586438642.052488 sending message 105 to peer 0x55760e1f19d0 (33 bytes)
1586438642.052493 sending message 105 to peer 0x55760e1f19d0 (36 bytes)
1586438642.052497 sending message 105 to peer 0x55760e1f19d0 (13 bytes)
1586438642.052502 sending message 105 to peer 0x55760e1f19d0 (56 bytes)
1586438642.052506 sending message 105 to peer 0x55760e1f19d0 (15 bytes)
1586438642.052511 sending message 105 to peer 0x55760e1f19d0 (19 bytes)
1586438642.052515 sending message 105 to peer 0x55760e1f19d0 (18 bytes)
1586438642.052521 sending message 105 to peer 0x55760e1f19d0 (13 bytes)
1586438642.052525 sending message 105 to peer 0x55760e1f19d0 (41 bytes)
1586438642.052530 sending message 105 to peer 0x55760e1f19d0 (45 bytes)
1586438642.052534 sending message 105 to peer 0x55760e1f19d0 (33 bytes)
1586438642.052543 sending message 105 to peer 0x55760e1f19d0 (85 bytes)
1586438642.052555 sending message 105 to peer 0x55760e1f19d0 (23 bytes)
1586438642.052568 sending message 105 to peer 0x55760e1f19d0 (31 bytes)
1586438642.052580 sending message 105 to peer 0x55760e1f19d0 (15 bytes)
1586438642.052596 sending message 105 to peer 0x55760e1f19d0 (27 bytes)
1586438642.052611 sending message 105 to peer 0x55760e1f19d0 (17 bytes)
1586438642.052624 sending message 105 to peer 0x55760e1f19d0 (21 bytes)
1586438642.052641 sending message 105 to peer 0x55760e1f19d0 (11 bytes)
1586438642.052659 sending message 105 to peer 0x55760e1f19d0 (20 bytes)
1586438642.052674 sending message 105 to peer 0x55760e1f19d0 (43 bytes)
1586438642.052695 sending message 105 to peer 0x55760e1f19d0 (16 bytes)
1586438642.052716 sending message 105 to peer 0x55760e1f19d0 (16 bytes)
1586438642.052737 sending message 106 to peer 0x55760e1f19d0 (0 bytes)
1586438642.052757 sending message 200 to peer 0x55760e1f19d0 (4 bytes)
1586438642.052778 client loop enter
1586438642.055131 peer 0x55760e1f19d0 message 211
1586438642.055281 peer 0x55760e1f19d0 message 203
1586438642.055319 client loop exit
